<?xml version="1.0" encoding="UTF-8"?>
<!-- Generated by org.testng.reporters.JUnitReportReporter -->
<testsuite hostname="QT-INBG-LT0222" failures="0" tests="1" name="Assignment.Work.AppTest" time="0.013" errors="0" timestamp="2021-12-03T22:46:11 IST" skipped="0">
  <testcase classname="Assignment.Work.AppTest" name="shouldAnswerWithTrue" time="0.013"/>
  <system-out/>
</testsuite> <!-- Assignment.Work.AppTest -->
