<?xml version="1.0" encoding="UTF-8"?>
<!-- Generated by org.testng.reporters.JUnitReportReporter -->
<testsuite hostname="QT-INBG-LT0222" failures="0" tests="1" name="Assignment.Work.MailLogin" time="25.765" errors="0" timestamp="2021-12-03T23:01:17 IST" skipped="0">
  <testcase classname="Assignment.Work.MailLogin" name="SenderLogin" time="25.765"/>
  <system-out/>
</testsuite> <!-- Assignment.Work.MailLogin -->
